build/app/outputs/mapping/release/seeds.txt
mir4.inovanex.MainActivity
mir4.inovanex.MainActivity: MainActivity()
...
com.google.android.gms.internal.firebase-auth-api.zzaj: zzaj()
com.google.android.recaptcha.internal.zze: java.lang.Object zze(long,com.google.android.recaptcha.internal.zzsc,kotlin.coroutines.Continuation)
com.google.android.gms.internal.clearcut.zzao: java.lang.String zza(com.google.android.gms.internal.clearcut.zzao)
com.google.android.gms.internal.fido.zzbw: java.lang.String toString()
com.google.android.gms.internal.firebase-auth-api.zzja: java.lang.Object zza(com.google.android.gms.internal.firebase-auth-api.zzpg)
com.google.android.gms.internal.firebase-auth-api.zzxu: byte[] zzb(byte[])
androidx.core.view.WindowInsetsCompat$Impl29: void setStableInsets(androidx.core.graphics.Insets)
com.google.android.recaptcha.internal.zzlo: void zzu(int,java.util.List,boolean)
com.google.android.gms.internal.firebase-auth-api.zzana: java.lang.Object zza(java.lang.Class)
com.google.android.gms.tasks.zzw: com.google.android.gms.tasks.Task addOnCompleteListener(java.util.concurrent.Executor,com.google.android.gms.tasks.OnCompleteListener)
androidx.core.app.RemoteActionCompatParcelizer: androidx.core.app.RemoteActionCompat read(androidx.versionedparcelable.VersionedParcel)
com.google.android.gms.internal.firebase-auth-api.zzwl: com.google.android.gms.internal.firebase-auth-api.zzwl$zzb zzc()
androidx.core.widget.TextViewCompat$Api23Impl: void setHyphenationFrequency(android.widget.TextView,int)
com.google.android.gms.internal.clearcut.zzbq: java.lang.String zzh(int)
com.google.android.recaptcha.internal.zzfz: java.util.List zza()
com.google.android.gms.internal.clearcut.zzea: zzea()
io.flutter.plugins.firebase.core.FlutterFirebaseCoreRegistrar: FlutterFirebaseCoreRegistrar()
com.google.android.material.button.MaterialButton: void setInsetBottom(int)
io.flutter.embedding.engine.FlutterJNI: void nativeRegisterImageTexture(long,long,java.lang.ref.WeakReference)
androidx.appcompat.app.AppCompatDelegate$Api33Impl: android.os.LocaleList localeManagerGetApplicationLocales(java.lang.Object)
com.google.android.gms.internal.vision.zzev: zzev(java.lang.Object[],int,java.lang.Object[],int,int)
com.google.android.gms.internal.firebase-auth-api.zzaad: void zza(java.lang.Object)
com.google.android.recaptcha.internal.zzbw: boolean isCancelled()
com.google.android.recaptcha.internal.zzlk: void zzt(int)
com.google.android.recaptcha.internal.zzjk: java.lang.String toString()
com.google.android.gms.internal.firebase-auth-api.zzyb: zzyb(byte[],com.google.android.gms.internal.firebase-auth-api.zzzn)
com.google.android.gms.internal.fido.zzbu: com.google.android.gms.internal.fido.zzcb zzr()
com.google.android.gms.internal.clearcut.zzej: zzej(int)
com.google.android.gms.internal.firebase-auth-api.zzsg$zza: zzsg$zza(com.google.android.gms.internal.firebase-auth-api.zzsh)
androidx.core.view.ViewCompat$Api21Impl: android.content.res.ColorStateList getBackgroundTintList(android.view.View)
com.google.android.gms.internal.stats.zza: void finalize()
androidx.recyclerview.widget.RecyclerView: androidx.recyclerview.widget.RecyclerViewAccessibilityDelegate getCompatAccessibilityDelegate()
com.google.android.gms.internal.vision.zzjb: com.google.android.gms.internal.vision.zzjb zza(com.google.android.gms.internal.vision.zzjb,byte[],com.google.android.gms.internal.vision.zzio)
com.google.android.gms.internal.firebase-auth-api.zztk: com.google.android.gms.internal.firebase-auth-api.zztk zzd()
com.google.android.gms.internal.firebase-auth-api.zzdf$zza: com.google.android.gms.internal.firebase-auth-api.zzdf zza()
com.google.android.gms.internal.common.zzag: java.lang.Object remove(int)
com.google.android.gms.internal.firebase-auth-api.zzzh: java.lang.Object initialValue()
com.google.android.gms.internal.vision.zzma: java.lang.Object zzf(java.lang.Object,long)
com.google.android.gms.tasks.zzv: void zzb(com.google.android.gms.tasks.zzq)
com.google.firebase.perf.util.Constants$CounterNames: com.google.firebase.perf.util.Constants$CounterNames valueOf(java.lang.String)