build/app/outputs/mapping/release/usage.txt
mir4.inovanex.R$drawable
mir4.inovanex.R$mipmap
mir4.inovanex.R$string
mir4.inovanex.R$style
mir4.inovanex.R
...
kotlin.internal.AccessibleLateinitPropertyLiteral
kotlin.internal.ContractsDsl
kotlin.internal.DynamicExtension
kotlin.internal.Exact
kotlin.internal.HidesMembers
kotlin.internal.InlineOnly
kotlin.internal.IntrinsicConstEvaluation
kotlin.internal.LowPriorityInOverloadResolution
kotlin.internal.NoInfer
kotlin.internal.OnlyInputTypes
kotlin.internal.PlatformDependent
kotlin.internal.PlatformImplementations:
    public kotlin.text.MatchGroup getMatchResultNamedGroup(java.util.regex.MatchResult,java.lang.String)
    public java.util.List getSuppressed(java.lang.Throwable)
kotlin.internal.PlatformImplementationsKt:
    public static final boolean apiVersionIsAtLeast(int,int,int)
    private static final synthetic java.lang.Object castToBaseType(java.lang.Object)
kotlin.internal.ProgressionUtilKt:
    private static final long differenceModulo(long,long,long)
    public static final long getProgressionLastElement(long,long,long)
    private static final long mod(long,long)
kotlin.internal.PureReifiable
kotlin.internal.RequireKotlin$Container
kotlin.internal.RequireKotlin
kotlin.internal.RequireKotlinVersionKind
kotlin.internal.UProgressionUtilKt
kotlin.internal.jdk7.JDK7PlatformImplementations:
    public java.util.List getSuppressed(java.lang.Throwable)
kotlin.internal.jdk8.JDK8PlatformImplementations:
    public kotlin.text.MatchGroup getMatchResultNamedGroup(java.util.regex.MatchResult,java.lang.String)
kotlin.io.AccessDeniedException
kotlin.io.ByteStreamsKt$iterator$1
kotlin.io.ByteStreamsKt:
    private static final java.io.BufferedInputStream buffered(java.io.InputStream,int)
    private static final java.io.BufferedOutputStream buffered(java.io.OutputStream,int)
    static synthetic java.io.BufferedInputStream buffered$default(java.io.InputStream,int,int,java.lang.Object)
    static synthetic java.io.BufferedOutputStream buffered$default(java.io.OutputStream,int,int,java.lang.Object)
    private static final java.io.BufferedReader bufferedReader(java.io.InputStream,java.nio.charset.Charset)
    static synthetic java.io.BufferedReader bufferedReader$default(java.io.InputStream,java.nio.charset.Charset,int,java.lang.Object)
    private static final java.io.BufferedWriter bufferedWriter(java.io.OutputStream,java.nio.charset.Charset)
    static synthetic java.io.BufferedWriter bufferedWriter$default(java.io.OutputStream,java.nio.charset.Charset,int,java.lang.Object)
    private static final java.io.ByteArrayInputStream byteInputStream(java.lang.String,java.nio.charset.Charset)
    static synthetic java.io.ByteArrayInputStream byteInputStream$default(java.lang.String,java.nio.charset.Charset,int,java.lang.Object)
    private static final java.io.ByteArrayInputStream inputStream(byte[])
    private static final java.io.ByteArrayInputStream inputStream(byte[],int,int)
    public static final kotlin.collections.ByteIterator iterator(java.io.BufferedInputStream)
    public static final byte[] readBytes(java.io.InputStream,int)
kotlin.io.CloseableKt:
    private static final java.lang.Object use(java.io.Closeable,kotlin.jvm.functions.Function1)
kotlin.io.ConsoleKt
kotlin.io.ConstantsKt
kotlin.io.FileAlreadyExistsException:
    public synthetic void <init>(java.io.File,java.io.File,java.lang.String,int,kotlin.jvm.internal.DefaultConstructorMarker)
kotlin.io.FilePathComponents
kotlin.io.FileSystemException:
    public synthetic void <init>(java.io.File,java.io.File,java.lang.String,int,kotlin.jvm.internal.DefaultConstructorMarker)
    public final java.io.File getFile()
    public final java.io.File getOther()
    public final java.lang.String getReason()
kotlin.io.FileTreeWalk$DirectoryState
kotlin.io.FileTreeWalk$FileTreeWalkIterator$BottomUpDirectoryState
kotlin.io.FileTreeWalk$FileTreeWalkIterator$SingleFileState
kotlin.io.FileTreeWalk$FileTreeWalkIterator$TopDownDirectoryState
kotlin.io.FileTreeWalk$FileTreeWalkIterator$WhenMappings
kotlin.io.FileTreeWalk$FileTreeWalkIterator
kotlin.io.FileTreeWalk$WalkState
kotlin.io.FileTreeWalk